{
  "stats": {
    "suites": 8,
    "tests": 18,
    "passes": 18,
    "pending": 0,
    "failures": 0,
    "start": "2020-07-21T14:10:16.382Z",
    "end": "2020-07-21T14:10:16.915Z",
    "duration": 533,
    "testsRegistered": 18,
    "passPercent": 100,
    "pendingPercent": 0,
    "other": 0,
    "hasOther": false,
    "skipped": 0,
    "hasSkipped": false,
    "passPercentClass": "success",
    "pendingPercentClass": "danger"
  },
  "suites": {
    "uuid": "5d6e6476-73c1-462a-8121-7121fe9f7c3d",
    "title": "",
    "fullFile": "",
    "file": "",
    "beforeHooks": [],
    "afterHooks": [],
    "tests": [],
    "suites": [
      {
        "uuid": "7d899492-8b07-4edf-9fcb-cd8732f6ad53",
        "title": "> controllers",
        "fullFile": "/home/travis/build/ccxt-rest/ccxt-rest/test/api/controllers/exchange.js",
        "file": "/test/api/controllers/exchange.js",
        "beforeHooks": [
          {
            "title": "\"before all\" hook",
            "fullTitle": "> controllers \"before all\" hook",
            "timedOut": false,
            "duration": 324,
            "pass": false,
            "fail": false,
            "pending": false,
            "code": "if (fs.existsSync('./out/database.sqlite3')) {\n  fs.unlinkSync('./out/database.sqlite3')\n}\nreturn new Promise((resolve) => {\n  ccxtServer.start(_server => {\n    server = _server\n    resolve();\n  })  \n})",
            "err": {},
            "isRoot": false,
            "uuid": "0fd1cb4e-b84a-4f09-8471-70d650aaa24a",
            "isHook": true,
            "skipped": false
          }
        ],
        "afterHooks": [
          {
            "title": "\"after all\" hook",
            "fullTitle": "> controllers \"after all\" hook",
            "timedOut": false,
            "duration": 1,
            "pass": false,
            "fail": false,
            "pending": false,
            "code": "if (server) {\n  server.close()\n}\nif (fs.existsSync('./out/database.sqlite3')) {\n  fs.unlinkSync('./out/database.sqlite3')\n}",
            "err": {},
            "isRoot": false,
            "uuid": "a38ffbd7-a9c7-48e3-a039-d3c4fc164d28",
            "isHook": true,
            "skipped": false
          }
        ],
        "tests": [],
        "suites": [
          {
            "uuid": "a44def5e-674a-42c0-af1a-2940370e9a63",
            "title": "> exchanges",
            "fullFile": "/home/travis/build/ccxt-rest/ccxt-rest/test/api/controllers/exchange.js",
            "file": "/test/api/controllers/exchange.js",
            "beforeHooks": [],
            "afterHooks": [],
            "tests": [],
            "suites": [
              {
                "uuid": "975cedc6-41a3-4515-9585-00a79701b09a",
                "title": "> GET /exchanges",
                "fullFile": "/home/travis/build/ccxt-rest/ccxt-rest/test/api/controllers/exchange.js",
                "file": "/test/api/controllers/exchange.js",
                "beforeHooks": [],
                "afterHooks": [],
                "tests": [
                  {
                    "title": "> should return list of exchanges",
                    "fullTitle": "> controllers > exchanges > GET /exchanges > should return list of exchanges",
                    "timedOut": false,
                    "duration": 31,
                    "state": "passed",
                    "speed": "fast",
                    "pass": true,
                    "fail": false,
                    "pending": false,
                    "code": "request(server)\n          .get('/exchanges')\n          .expect('Content-Type', /json/)\n          .expect(200)\n          .end(function(err, res) {\n            should.not.exist(err);\n            res.body.should.eql(exchangeConfig.exchanges.map(i => '' + i));\n            done();\n          });",
                    "err": {},
                    "isRoot": false,
                    "uuid": "df4387ff-44ce-4052-a304-2d8fbbbc517f",
                    "isHook": false,
                    "skipped": false
                  }
                ],
                "suites": [],
                "passes": [
                  "df4387ff-44ce-4052-a304-2d8fbbbc517f"
                ],
                "failures": [],
                "pending": [],
                "skipped": [],
                "duration": 31,
                "root": false,
                "rootEmpty": false,
                "_timeout": 2000
              }
            ],
            "passes": [],
            "failures": [],
            "pending": [],
            "skipped": [],
            "duration": 0,
            "root": false,
            "rootEmpty": false,
            "_timeout": 2000
          },
          {
            "uuid": "da33bbed-6402-47f1-920f-08a84e5bd0ae",
            "title": "> exchange",
            "fullFile": "/home/travis/build/ccxt-rest/ccxt-rest/test/api/controllers/exchange.js",
            "file": "/test/api/controllers/exchange.js",
            "beforeHooks": [],
            "afterHooks": [],
            "tests": [],
            "suites": [
              {
                "uuid": "7f022c8c-a127-4eda-9b1f-31ebfb281795",
                "title": "> Given unsupported exchange name",
                "fullFile": "/home/travis/build/ccxt-rest/ccxt-rest/test/api/controllers/exchange.js",
                "file": "/test/api/controllers/exchange.js",
                "beforeHooks": [],
                "afterHooks": [],
                "tests": [],
                "suites": [
                  {
                    "uuid": "5400fb4c-06a1-4aaa-945b-3752ec6efe4f",
                    "title": "> [Unsupported Exchange name] Exchange Management API",
                    "fullFile": "/home/travis/build/ccxt-rest/ccxt-rest/test/api/controllers/exchange.js",
                    "file": "/test/api/controllers/exchange.js",
                    "beforeHooks": [],
                    "afterHooks": [],
                    "tests": [
                      {
                        "title": "> GET:/exchange/nonExistentExchangeName then return 404",
                        "fullTitle": "> controllers > exchange > Given unsupported exchange name > [Unsupported Exchange name] Exchange Management API > GET:/exchange/nonExistentExchangeName then return 404",
                        "timedOut": false,
                        "duration": 14,
                        "state": "passed",
                        "speed": "fast",
                        "pass": true,
                        "fail": false,
                        "pending": false,
                        "code": "request(server)\n  .get('/exchange/nonExistentExchangeName')\n  .expect(404)\n  .end((err, res) => {\n    should.not.exist(err);\n    done();\n  })",
                        "err": {},
                        "isRoot": false,
                        "uuid": "25eb56f4-344e-426f-a35e-306df16b9242",
                        "isHook": false,
                        "skipped": false
                      },
                      {
                        "title": "> POST:/exchange/nonExistentExchangeName then return 404",
                        "fullTitle": "> controllers > exchange > Given unsupported exchange name > [Unsupported Exchange name] Exchange Management API > POST:/exchange/nonExistentExchangeName then return 404",
                        "timedOut": false,
                        "duration": 22,
                        "state": "passed",
                        "speed": "fast",
                        "pass": true,
                        "fail": false,
                        "pending": false,
                        "code": "request(server)\n  .post('/exchange/nonExistentExchangeName')\n  .send({id:'nonExistentExchangeName1'})\n  .set('Accept', 'application/json')\n  .expect(404)\n  .end((err, res) => {\n    should.not.exist(err);\n    done();\n  })",
                        "err": {},
                        "isRoot": false,
                        "uuid": "05cb8120-5866-448e-ac96-b31d9feb4044",
                        "isHook": false,
                        "skipped": false
                      }
                    ],
                    "suites": [],
                    "passes": [
                      "25eb56f4-344e-426f-a35e-306df16b9242",
                      "05cb8120-5866-448e-ac96-b31d9feb4044"
                    ],
                    "failures": [],
                    "pending": [],
                    "skipped": [],
                    "duration": 36,
                    "root": false,
                    "rootEmpty": false,
                    "_timeout": 2000
                  },
                  {
                    "uuid": "27df7f04-b7e1-4aca-8da9-3e2391b37b9a",
                    "title": "> [Unsupported Exchange Name] Public Data API",
                    "fullFile": "/home/travis/build/ccxt-rest/ccxt-rest/test/api/controllers/exchange.js",
                    "file": "/test/api/controllers/exchange.js",
                    "beforeHooks": [],
                    "afterHooks": [],
                    "tests": [
                      {
                        "title": "> GET:/exchange/nonExistentExchangeName/markets then return 404",
                        "fullTitle": "> controllers > exchange > Given unsupported exchange name > [Unsupported Exchange Name] Public Data API > GET:/exchange/nonExistentExchangeName/markets then return 404",
                        "timedOut": false,
                        "duration": 6,
                        "state": "passed",
                        "speed": "fast",
                        "pass": true,
                        "fail": false,
                        "pending": false,
                        "code": "request(server)\n              .get('/exchange/nonExistentExchangeName/markets')\n              .expect('Content-Type', /json/)\n              .expect(404)\n              .end((err, res) => {\n                should.not.exist(err);\n                done();\n              })",
                        "err": {},
                        "isRoot": false,
                        "uuid": "f4228729-3ae6-42ea-a032-f18345e1ed5b",
                        "isHook": false,
                        "skipped": false
                      },
                      {
                        "title": "> GET:/exchange/nonExistentExchangeName/orderBook then return 404",
                        "fullTitle": "> controllers > exchange > Given unsupported exchange name > [Unsupported Exchange Name] Public Data API > GET:/exchange/nonExistentExchangeName/orderBook then return 404",
                        "timedOut": false,
                        "duration": 10,
                        "state": "passed",
                        "speed": "fast",
                        "pass": true,
                        "fail": false,
                        "pending": false,
                        "code": "this.timeout(TIMEOUT_MS);\nrequest(server)\n    .get('/exchange/nonExistentExchangeName/orderBook')\n    .query({ symbol: 'BTC/ETH' })\n    .set('Accept', 'application/json')\n    .expect('Content-Type', /json/)\n    .expect(404)\n    .end((err, res) => {\n      should.not.exist(err);\n      done();\n    })",
                        "err": {},
                        "isRoot": false,
                        "uuid": "6654bae3-3ae1-4bda-b642-72c2f8b37c77",
                        "isHook": false,
                        "skipped": false
                      },
                      {
                        "title": "> GET:/exchange/nonExistentExchangeName/l2OrderBook then return 404",
                        "fullTitle": "> controllers > exchange > Given unsupported exchange name > [Unsupported Exchange Name] Public Data API > GET:/exchange/nonExistentExchangeName/l2OrderBook then return 404",
                        "timedOut": false,
                        "duration": 7,
                        "state": "passed",
                        "speed": "fast",
                        "pass": true,
                        "fail": false,
                        "pending": false,
                        "code": "this.timeout(TIMEOUT_MS);\nrequest(server)\n    .get('/exchange/nonExistentExchangeName/l2OrderBook')\n    .query({ symbol: 'BTC/ETH' })\n    .expect('Content-Type', /json/)\n    .expect(404)\n    .end((err, res) => {\n      should.not.exist(err);\n      done();\n    })",
                        "err": {},
                        "isRoot": false,
                        "uuid": "d81d983f-dbe6-4dd6-9a41-a5e5606e156a",
                        "isHook": false,
                        "skipped": false
                      },
                      {
                        "title": "> GET:/exchange/nonExistentExchangeName/trades then return 404",
                        "fullTitle": "> controllers > exchange > Given unsupported exchange name > [Unsupported Exchange Name] Public Data API > GET:/exchange/nonExistentExchangeName/trades then return 404",
                        "timedOut": false,
                        "duration": 6,
                        "state": "passed",
                        "speed": "fast",
                        "pass": true,
                        "fail": false,
                        "pending": false,
                        "code": "this.timeout(TIMEOUT_MS)\nrequest(server)\n    .get('/exchange/nonExistentExchangeName/trades')\n    .query({ symbol: 'BTC/ETH' })\n    .expect('Content-Type', /json/)\n    .expect(404)\n    .end((err, res) => {\n      should.not.exist(err);\n      done();\n    })",
                        "err": {},
                        "isRoot": false,
                        "uuid": "2f7beb71-12ea-40b7-b511-c3acb00d061f",
                        "isHook": false,
                        "skipped": false
                      },
                      {
                        "title": "> GET:/exchange/nonExistentExchangeName/ticker then return 404",
                        "fullTitle": "> controllers > exchange > Given unsupported exchange name > [Unsupported Exchange Name] Public Data API > GET:/exchange/nonExistentExchangeName/ticker then return 404",
                        "timedOut": false,
                        "duration": 7,
                        "state": "passed",
                        "speed": "fast",
                        "pass": true,
                        "fail": false,
                        "pending": false,
                        "code": "this.timeout(TIMEOUT_MS)\nrequest(server)\n    .get('/exchange/nonExistentExchangeName/ticker')\n    .query({ symbol: 'BTC/ETH' })\n    .expect('Content-Type', /json/)\n    .expect(404)\n    .end((err, res) => {\n      should.not.exist(err);\n      done();\n    })",
                        "err": {},
                        "isRoot": false,
                        "uuid": "93e22445-10f7-41f3-84db-ea9da641acb4",
                        "isHook": false,
                        "skipped": false
                      },
                      {
                        "title": "> GET:/exchange/nonExistentExchangeName/tickers then return 404",
                        "fullTitle": "> controllers > exchange > Given unsupported exchange name > [Unsupported Exchange Name] Public Data API > GET:/exchange/nonExistentExchangeName/tickers then return 404",
                        "timedOut": false,
                        "duration": 6,
                        "state": "passed",
                        "speed": "fast",
                        "pass": true,
                        "fail": false,
                        "pending": false,
                        "code": "this.timeout(TIMEOUT_MS)\nrequest(server)\n    .get('/exchange/nonExistentExchangeName/tickers')\n    .expect('Content-Type', /json/)\n    .expect(404)\n    .end((err, res) => {\n      should.not.exist(err);\n      done();\n    })",
                        "err": {},
                        "isRoot": false,
                        "uuid": "aedeff44-b659-4ff1-abd8-5de6cf698ba0",
                        "isHook": false,
                        "skipped": false
                      },
                      {
                        "title": "> POST:/exchange/nonExistentExchangeName/_/loadMarkets then return 404",
                        "fullTitle": "> controllers > exchange > Given unsupported exchange name > [Unsupported Exchange Name] Public Data API > POST:/exchange/nonExistentExchangeName/_/loadMarkets then return 404",
                        "timedOut": false,
                        "duration": 8,
                        "state": "passed",
                        "speed": "fast",
                        "pass": true,
                        "fail": false,
                        "pending": false,
                        "code": "this.timeout(TIMEOUT_MS)\nrequest(server)\n    .post('/exchange/nonExistentExchangeName/_/loadMarkets')\n    .type('text')\n    .send(JSON.stringify([true]))\n    .set('Accept', 'application/json')\n    .expect(404)\n    .end((err, res) => {\n      should.not.exist(err);\n      done();\n    })",
                        "err": {},
                        "isRoot": false,
                        "uuid": "e231fc9e-8b0b-4757-b01a-1708f169ebf0",
                        "isHook": false,
                        "skipped": false
                      }
                    ],
                    "suites": [],
                    "passes": [
                      "f4228729-3ae6-42ea-a032-f18345e1ed5b",
                      "6654bae3-3ae1-4bda-b642-72c2f8b37c77",
                      "d81d983f-dbe6-4dd6-9a41-a5e5606e156a",
                      "2f7beb71-12ea-40b7-b511-c3acb00d061f",
                      "93e22445-10f7-41f3-84db-ea9da641acb4",
                      "aedeff44-b659-4ff1-abd8-5de6cf698ba0",
                      "e231fc9e-8b0b-4757-b01a-1708f169ebf0"
                    ],
                    "failures": [],
                    "pending": [],
                    "skipped": [],
                    "duration": 50,
                    "root": false,
                    "rootEmpty": false,
                    "_timeout": 2000
                  },
                  {
                    "uuid": "544da0a4-3c3b-49b8-80f8-a9f5e36be9ae",
                    "title": "> [Unsupported Exchange Name] Private Data APIs",
                    "fullFile": "/home/travis/build/ccxt-rest/ccxt-rest/test/api/controllers/exchange.js",
                    "file": "/test/api/controllers/exchange.js",
                    "beforeHooks": [],
                    "afterHooks": [],
                    "tests": [
                      {
                        "title": "> GET:/exchange/nonExistentExchangeName/balances then return 404",
                        "fullTitle": "> controllers > exchange > Given unsupported exchange name > [Unsupported Exchange Name] Private Data APIs > GET:/exchange/nonExistentExchangeName/balances then return 404",
                        "timedOut": false,
                        "duration": 6,
                        "state": "passed",
                        "speed": "fast",
                        "pass": true,
                        "fail": false,
                        "pending": false,
                        "code": "this.timeout(TIMEOUT_MS)\nrequest(server)\n    .get('/exchange/nonExistentExchangeName/balances')\n    .expect('Content-Type', /json/)\n    .expect(404)\n    .end((err, res) => {\n      should.not.exist(err);\n      done();\n    })",
                        "err": {},
                        "isRoot": false,
                        "uuid": "bc848a96-498c-44f0-b74f-d270b33fda48",
                        "isHook": false,
                        "skipped": false
                      },
                      {
                        "title": "> [Unsupported Exchange Name] Place order then return 404",
                        "fullTitle": "> controllers > exchange > Given unsupported exchange name > [Unsupported Exchange Name] Private Data APIs > [Unsupported Exchange Name] Place order then return 404",
                        "timedOut": false,
                        "duration": 6,
                        "state": "passed",
                        "speed": "fast",
                        "pass": true,
                        "fail": false,
                        "pending": false,
                        "code": "request(server)\n  .post('/exchange/nonExistentExchangeName/order')\n  .send({ symbol: 'BTC/ETH', type: 'limit', side: 'buy', amount:0, price:0 })\n  .set('Accept', 'application/json')\n  .expect('Content-Type', /json/)\n  .expect(404)\n  .end((err, res) => {\n    should.not.exist(err);\n    done();\n  })",
                        "err": {},
                        "isRoot": false,
                        "uuid": "37c9c71f-6efb-4e8d-ae8b-cb8d1aafd9d7",
                        "isHook": false,
                        "skipped": false
                      },
                      {
                        "title": "> [Unsupported Exchange Name] Cancel order then return 404",
                        "fullTitle": "> controllers > exchange > Given unsupported exchange name > [Unsupported Exchange Name] Private Data APIs > [Unsupported Exchange Name] Cancel order then return 404",
                        "timedOut": false,
                        "duration": 6,
                        "state": "passed",
                        "speed": "fast",
                        "pass": true,
                        "fail": false,
                        "pending": false,
                        "code": "request(server)\n  .delete('/exchange/nonExistentExchangeName/order/dummy')\n  .query({symbol : 'BTC/ETH'})\n  .expect('Content-Type', /json/)\n  .expect(404)\n  .end((err, res) => {\n    should.not.exist(err);\n    done();\n  })",
                        "err": {},
                        "isRoot": false,
                        "uuid": "3d964716-5e93-4da3-9220-93b880d5bdc1",
                        "isHook": false,
                        "skipped": false
                      },
                      {
                        "title": "> [Unsupported Exchange Name] Get order then return 404",
                        "fullTitle": "> controllers > exchange > Given unsupported exchange name > [Unsupported Exchange Name] Private Data APIs > [Unsupported Exchange Name] Get order then return 404",
                        "timedOut": false,
                        "duration": 6,
                        "state": "passed",
                        "speed": "fast",
                        "pass": true,
                        "fail": false,
                        "pending": false,
                        "code": "this.timeout(TIMEOUT_MS)\nrequest(server)\n  .get('/exchange/nonExistentExchangeName/order/dummy')\n  .query({symbol : 'BTC/ETH'})\n  .expect('Content-Type', /json/)\n  .expect(404)\n  .end((err, res) => {\n    should.not.exist(err);\n    done();\n  })",
                        "err": {},
                        "isRoot": false,
                        "uuid": "1770f307-5984-4de5-8e4e-a14f15b41e15",
                        "isHook": false,
                        "skipped": false
                      },
                      {
                        "title": "> [Unsupported Exchange Name] Get orders then return 404",
                        "fullTitle": "> controllers > exchange > Given unsupported exchange name > [Unsupported Exchange Name] Private Data APIs > [Unsupported Exchange Name] Get orders then return 404",
                        "timedOut": false,
                        "duration": 6,
                        "state": "passed",
                        "speed": "fast",
                        "pass": true,
                        "fail": false,
                        "pending": false,
                        "code": "this.timeout(TIMEOUT_MS)\nrequest(server)\n  .get('/exchange/nonExistentExchangeName/orders')\n  .query({symbol : 'BTC/ETH'})\n  .expect('Content-Type', /json/)\n  .expect(404)\n  .end((err, res) => {\n    should.not.exist(err);\n    done();\n  })",
                        "err": {},
                        "isRoot": false,
                        "uuid": "e3672f16-3576-4e8d-a8c0-0cb5b72d3b93",
                        "isHook": false,
                        "skipped": false
                      },
                      {
                        "title": "> [Unsupported Exchange Name] Get open orders then return 404",
                        "fullTitle": "> controllers > exchange > Given unsupported exchange name > [Unsupported Exchange Name] Private Data APIs > [Unsupported Exchange Name] Get open orders then return 404",
                        "timedOut": false,
                        "duration": 6,
                        "state": "passed",
                        "speed": "fast",
                        "pass": true,
                        "fail": false,
                        "pending": false,
                        "code": "this.timeout(TIMEOUT_MS)\nrequest(server)\n  .get('/exchange/nonExistentExchangeName/orders/open')\n  .query({symbol : 'BTC/ETH'})\n  .expect('Content-Type', /json/)\n  .expect(404)\n  .end((err, res) => {\n    should.not.exist(err);\n    done();\n  })",
                        "err": {},
                        "isRoot": false,
                        "uuid": "fc26e06f-5a9e-43e6-9ca1-4ad4043fd6b2",
                        "isHook": false,
                        "skipped": false
                      },
                      {
                        "title": "> [Unsupported Exchange Name] Get closed orders then return 404",
                        "fullTitle": "> controllers > exchange > Given unsupported exchange name > [Unsupported Exchange Name] Private Data APIs > [Unsupported Exchange Name] Get closed orders then return 404",
                        "timedOut": false,
                        "duration": 7,
                        "state": "passed",
                        "speed": "fast",
                        "pass": true,
                        "fail": false,
                        "pending": false,
                        "code": "this.timeout(TIMEOUT_MS)\nrequest(server)\n  .get('/exchange/nonExistentExchangeName/orders/closed')\n  .query({symbol : 'BTC/ETH'})\n  .expect('Content-Type', /json/)\n  .expect(404)\n  .end((err, res) => {\n    should.not.exist(err);\n    done();\n  })",
                        "err": {},
                        "isRoot": false,
                        "uuid": "1e7e401a-b1cb-440d-9d38-3f1a1bbf3eec",
                        "isHook": false,
                        "skipped": false
                      },
                      {
                        "title": "> [Unsupported Exchange Name] Get my trades then return 404",
                        "fullTitle": "> controllers > exchange > Given unsupported exchange name > [Unsupported Exchange Name] Private Data APIs > [Unsupported Exchange Name] Get my trades then return 404",
                        "timedOut": false,
                        "duration": 18,
                        "state": "passed",
                        "speed": "fast",
                        "pass": true,
                        "fail": false,
                        "pending": false,
                        "code": "this.timeout(TIMEOUT_MS)\nrequest(server)\n  .get('/exchange/nonExistentExchangeName/trades/mine')\n  .query({symbol : 'BTC/ETH'})\n  .expect('Content-Type', /json/)\n  .expect(404)\n  .end((err, res) => {\n    should.not.exist(err);\n    done();\n  })",
                        "err": {},
                        "isRoot": false,
                        "uuid": "51dcc4a6-12e4-42f1-a527-d64d5e9d8193",
                        "isHook": false,
                        "skipped": false
                      }
                    ],
                    "suites": [],
                    "passes": [
                      "bc848a96-498c-44f0-b74f-d270b33fda48",
                      "37c9c71f-6efb-4e8d-ae8b-cb8d1aafd9d7",
                      "3d964716-5e93-4da3-9220-93b880d5bdc1",
                      "1770f307-5984-4de5-8e4e-a14f15b41e15",
                      "e3672f16-3576-4e8d-a8c0-0cb5b72d3b93",
                      "fc26e06f-5a9e-43e6-9ca1-4ad4043fd6b2",
                      "1e7e401a-b1cb-440d-9d38-3f1a1bbf3eec",
                      "51dcc4a6-12e4-42f1-a527-d64d5e9d8193"
                    ],
                    "failures": [],
                    "pending": [],
                    "skipped": [],
                    "duration": 61,
                    "root": false,
                    "rootEmpty": false,
                    "_timeout": 2000
                  }
                ],
                "passes": [],
                "failures": [],
                "pending": [],
                "skipped": [],
                "duration": 0,
                "root": false,
                "rootEmpty": false,
                "_timeout": 2000
              }
            ],
            "passes": [],
            "failures": [],
            "pending": [],
            "skipped": [],
            "duration": 0,
            "root": false,
            "rootEmpty": false,
            "_timeout": 2000
          }
        ],
        "passes": [],
        "failures": [],
        "pending": [],
        "skipped": [],
        "duration": 0,
        "root": false,
        "rootEmpty": false,
        "_timeout": 2000
      }
    ],
    "passes": [],
    "failures": [],
    "pending": [],
    "skipped": [],
    "duration": 0,
    "root": true,
    "rootEmpty": true,
    "_timeout": 2000
  },
  "copyrightYear": 2020
}